<?xml version="1.0" encoding="UTF-8"?>
<!-- Generated by org.testng.reporters.JUnitReportReporter -->
<testsuite hostname="majd-sunfower1" failures="0" tests="9" name="majd" time="340.252" errors="0" timestamp="2024-10-29T20:02:47 EET" skipped="0">
  <testcase classname="majd" name="longin" time="0.264"/>
  <system-out/>
  <testcase classname="majd" name="CheckReturnDate" time="0.042"/>
  <system-out/>
  <testcase classname="majd" name="date2" time="0.037"/>
  <system-out/>
  <testcase classname="majd" name="i" time="66.855"/>
  <system-out/>
  <testcase classname="majd" name="i" time="64.932"/>
  <system-out/>
  <testcase classname="majd" name="i" time="70.190"/>
  <system-out/>
  <testcase classname="majd" name="i" time="63.364"/>
  <system-out/>
  <testcase classname="majd" name="i" time="74.507"/>
  <system-out/>
  <testcase classname="majd" name="serchResultss" time="0.061"/>
  <system-out/>
</testsuite> <!-- majd -->
